<?xml version="1.0" encoding="UTF-8"?>
<testng-results ignored="0" total="10" passed="10" failed="0" skipped="0">
  <reporter-output>
  </reporter-output>
  <suite started-at="2022-06-05T03:13:47 GMT-07:00" name="HybridFramework" finished-at="2022-06-05T03:15:15 GMT-07:00" duration-ms="88655">
    <groups>
    </groups>
    <test started-at="2022-06-05T03:13:47 GMT-07:00" name="HomePage Test" finished-at="2022-06-05T03:15:15 GMT-07:00" duration-ms="88655">
      <class name="com.mindtree.TestCases.TC_ViewCustomerStories">
        <test-method is-config="true" signature="setup(java.lang.String)[pri:0, instance:com.mindtree.TestCases.TC_ViewCustomerStories@4c1909a3]" started-at="2022-06-05T03:14:59 GMT-07:00" name="setup" finished-at="2022-06-05T03:15:02 GMT-07:00" duration-ms="2590" status="PASS">
          <params>
            <param index="0">
              <value>
                <![CDATA[chrome]]>
              </value>
            </param>
          </params>
          <reporter-output>
          </reporter-output>
        </test-method> <!-- setup -->
        <test-method signature="viewcusstories()[pri:0, instance:com.mindtree.TestCases.TC_ViewCustomerStories@4c1909a3]" started-at="2022-06-05T03:15:02 GMT-07:00" name="viewcusstories" finished-at="2022-06-05T03:15:15 GMT-07:00" duration-ms="13577" status="PASS">
          <reporter-output>
          </reporter-output>
        </test-method> <!-- viewcusstories -->
        <test-method is-config="true" signature="tearDown()[pri:0, instance:com.mindtree.TestCases.TC_ViewCustomerStories@4c1909a3]" started-at="2022-06-05T03:15:15 GMT-07:00" name="tearDown" finished-at="2022-06-05T03:15:15 GMT-07:00" duration-ms="350" status="PASS">
          <reporter-output>
          </reporter-output>
        </test-method> <!-- tearDown -->
      </class> <!-- com.mindtree.TestCases.TC_ViewCustomerStories -->
      <class name="com.mindtree.TestCases.TC_HomePage">
        <test-method is-config="true" signature="setup(java.lang.String)[pri:0, instance:com.mindtree.TestCases.TC_HomePage@27462a88]" started-at="2022-06-05T03:13:47 GMT-07:00" name="setup" finished-at="2022-06-05T03:13:51 GMT-07:00" duration-ms="4316" status="PASS">
          <params>
            <param index="0">
              <value>
                <![CDATA[chrome]]>
              </value>
            </param>
          </params>
          <reporter-output>
          </reporter-output>
        </test-method> <!-- setup -->
        <test-method signature="homePage()[pri:0, instance:com.mindtree.TestCases.TC_HomePage@27462a88]" started-at="2022-06-05T03:13:51 GMT-07:00" name="homePage" finished-at="2022-06-05T03:13:51 GMT-07:00" duration-ms="22" status="PASS">
          <reporter-output>
          </reporter-output>
        </test-method> <!-- homePage -->
        <test-method is-config="true" signature="tearDown()[pri:0, instance:com.mindtree.TestCases.TC_HomePage@27462a88]" started-at="2022-06-05T03:13:52 GMT-07:00" name="tearDown" finished-at="2022-06-05T03:13:52 GMT-07:00" duration-ms="433" status="PASS">
          <reporter-output>
          </reporter-output>
        </test-method> <!-- tearDown -->
      </class> <!-- com.mindtree.TestCases.TC_HomePage -->
      <class name="com.mindtree.TestCases.TC_TVUnits">
        <test-method is-config="true" signature="setup(java.lang.String)[pri:0, instance:com.mindtree.TestCases.TC_TVUnits@1b11171f]" started-at="2022-06-05T03:14:29 GMT-07:00" name="setup" finished-at="2022-06-05T03:14:32 GMT-07:00" duration-ms="2388" status="PASS">
          <params>
            <param index="0">
              <value>
                <![CDATA[chrome]]>
              </value>
            </param>
          </params>
          <reporter-output>
          </reporter-output>
        </test-method> <!-- setup -->
        <test-method signature="tvUnits()[pri:0, instance:com.mindtree.TestCases.TC_TVUnits@1b11171f]" started-at="2022-06-05T03:14:32 GMT-07:00" name="tvUnits" finished-at="2022-06-05T03:14:34 GMT-07:00" duration-ms="2161" status="PASS">
          <reporter-output>
          </reporter-output>
        </test-method> <!-- tvUnits -->
        <test-method is-config="true" signature="tearDown()[pri:0, instance:com.mindtree.TestCases.TC_TVUnits@1b11171f]" started-at="2022-06-05T03:14:34 GMT-07:00" name="tearDown" finished-at="2022-06-05T03:14:34 GMT-07:00" duration-ms="285" status="PASS">
          <reporter-output>
          </reporter-output>
        </test-method> <!-- tearDown -->
      </class> <!-- com.mindtree.TestCases.TC_TVUnits -->
      <class name="com.mindtree.TestCases.TC_GiftCard">
        <test-method is-config="true" signature="setup(java.lang.String)[pri:0, instance:com.mindtree.TestCases.TC_GiftCard@4b8ee4de]" started-at="2022-06-05T03:14:16 GMT-07:00" name="setup" finished-at="2022-06-05T03:14:18 GMT-07:00" duration-ms="2325" status="PASS">
          <params>
            <param index="0">
              <value>
                <![CDATA[chrome]]>
              </value>
            </param>
          </params>
          <reporter-output>
          </reporter-output>
        </test-method> <!-- setup -->
        <test-method signature="giftCard()[pri:0, instance:com.mindtree.TestCases.TC_GiftCard@4b8ee4de]" started-at="2022-06-05T03:14:18 GMT-07:00" name="giftCard" finished-at="2022-06-05T03:14:21 GMT-07:00" duration-ms="2414" status="PASS">
          <reporter-output>
          </reporter-output>
        </test-method> <!-- giftCard -->
        <test-method is-config="true" signature="tearDown()[pri:0, instance:com.mindtree.TestCases.TC_GiftCard@4b8ee4de]" started-at="2022-06-05T03:14:21 GMT-07:00" name="tearDown" finished-at="2022-06-05T03:14:21 GMT-07:00" duration-ms="369" status="PASS">
          <reporter-output>
          </reporter-output>
        </test-method> <!-- tearDown -->
      </class> <!-- com.mindtree.TestCases.TC_GiftCard -->
      <class name="com.mindtree.TestCases.TC_FeesAndPayment">
        <test-method is-config="true" signature="setup(java.lang.String)[pri:0, instance:com.mindtree.TestCases.TC_FeesAndPayment@4b0d79fc]" started-at="2022-06-05T03:14:55 GMT-07:00" name="setup" finished-at="2022-06-05T03:14:57 GMT-07:00" duration-ms="2396" status="PASS">
          <params>
            <param index="0">
              <value>
                <![CDATA[chrome]]>
              </value>
            </param>
          </params>
          <reporter-output>
          </reporter-output>
        </test-method> <!-- setup -->
        <test-method signature="aboutUs()[pri:0, instance:com.mindtree.TestCases.TC_FeesAndPayment@4b0d79fc]" started-at="2022-06-05T03:14:57 GMT-07:00" name="aboutUs" finished-at="2022-06-05T03:14:59 GMT-07:00" duration-ms="1429" status="PASS">
          <reporter-output>
          </reporter-output>
        </test-method> <!-- aboutUs -->
        <test-method is-config="true" signature="tearDown()[pri:0, instance:com.mindtree.TestCases.TC_FeesAndPayment@4b0d79fc]" started-at="2022-06-05T03:14:59 GMT-07:00" name="tearDown" finished-at="2022-06-05T03:14:59 GMT-07:00" duration-ms="328" status="PASS">
          <reporter-output>
          </reporter-output>
        </test-method> <!-- tearDown -->
      </class> <!-- com.mindtree.TestCases.TC_FeesAndPayment -->
      <class name="com.mindtree.TestCases.TC_AboutUs">
        <test-method is-config="true" signature="setup(java.lang.String)[pri:0, instance:com.mindtree.TestCases.TC_AboutUs@55634720]" started-at="2022-06-05T03:14:50 GMT-07:00" name="setup" finished-at="2022-06-05T03:14:53 GMT-07:00" duration-ms="2331" status="PASS">
          <params>
            <param index="0">
              <value>
                <![CDATA[chrome]]>
              </value>
            </param>
          </params>
          <reporter-output>
          </reporter-output>
        </test-method> <!-- setup -->
        <test-method signature="aboutUs()[pri:0, instance:com.mindtree.TestCases.TC_AboutUs@55634720]" started-at="2022-06-05T03:14:53 GMT-07:00" name="aboutUs" finished-at="2022-06-05T03:14:54 GMT-07:00" duration-ms="1776" status="PASS">
          <reporter-output>
          </reporter-output>
        </test-method> <!-- aboutUs -->
        <test-method is-config="true" signature="tearDown()[pri:0, instance:com.mindtree.TestCases.TC_AboutUs@55634720]" started-at="2022-06-05T03:14:54 GMT-07:00" name="tearDown" finished-at="2022-06-05T03:14:55 GMT-07:00" duration-ms="356" status="PASS">
          <reporter-output>
          </reporter-output>
        </test-method> <!-- tearDown -->
      </class> <!-- com.mindtree.TestCases.TC_AboutUs -->
      <class name="com.mindtree.TestCases.TC_LoginPage">
        <test-method is-config="true" signature="setup(java.lang.String)[pri:0, instance:com.mindtree.TestCases.TC_LoginPage@26e356f0]" started-at="2022-06-05T03:13:52 GMT-07:00" name="setup" finished-at="2022-06-05T03:13:54 GMT-07:00" duration-ms="2223" status="PASS">
          <params>
            <param index="0">
              <value>
                <![CDATA[chrome]]>
              </value>
            </param>
          </params>
          <reporter-output>
          </reporter-output>
        </test-method> <!-- setup -->
        <test-method signature="loginpage()[pri:0, instance:com.mindtree.TestCases.TC_LoginPage@26e356f0]" started-at="2022-06-05T03:13:54 GMT-07:00" name="loginpage" finished-at="2022-06-05T03:14:03 GMT-07:00" duration-ms="8357" status="PASS">
          <reporter-output>
          </reporter-output>
        </test-method> <!-- loginpage -->
        <test-method is-config="true" signature="tearDown()[pri:0, instance:com.mindtree.TestCases.TC_LoginPage@26e356f0]" started-at="2022-06-05T03:14:03 GMT-07:00" name="tearDown" finished-at="2022-06-05T03:14:03 GMT-07:00" duration-ms="610" status="PASS">
          <reporter-output>
          </reporter-output>
        </test-method> <!-- tearDown -->
      </class> <!-- com.mindtree.TestCases.TC_LoginPage -->
      <class name="com.mindtree.TestCases.TC_SelectMattresses">
        <test-method is-config="true" signature="setup(java.lang.String)[pri:0, instance:com.mindtree.TestCases.TC_SelectMattresses@47d9a273]" started-at="2022-06-05T03:14:03 GMT-07:00" name="setup" finished-at="2022-06-05T03:14:06 GMT-07:00" duration-ms="2617" status="PASS">
          <params>
            <param index="0">
              <value>
                <![CDATA[chrome]]>
              </value>
            </param>
          </params>
          <reporter-output>
          </reporter-output>
        </test-method> <!-- setup -->
        <test-method signature="selectmattresses()[pri:0, instance:com.mindtree.TestCases.TC_SelectMattresses@47d9a273]" started-at="2022-06-05T03:14:06 GMT-07:00" name="selectmattresses" finished-at="2022-06-05T03:14:16 GMT-07:00" duration-ms="10010" status="PASS">
          <reporter-output>
          </reporter-output>
        </test-method> <!-- selectmattresses -->
        <test-method is-config="true" signature="tearDown()[pri:0, instance:com.mindtree.TestCases.TC_SelectMattresses@47d9a273]" started-at="2022-06-05T03:14:16 GMT-07:00" name="tearDown" finished-at="2022-06-05T03:14:16 GMT-07:00" duration-ms="369" status="PASS">
          <reporter-output>
          </reporter-output>
        </test-method> <!-- tearDown -->
      </class> <!-- com.mindtree.TestCases.TC_SelectMattresses -->
      <class name="com.mindtree.TestCases.TC_GoStores">
        <test-method is-config="true" signature="setup(java.lang.String)[pri:0, instance:com.mindtree.TestCases.TC_GoStores@27f981c6]" started-at="2022-06-05T03:14:21 GMT-07:00" name="setup" finished-at="2022-06-05T03:14:24 GMT-07:00" duration-ms="2690" status="PASS">
          <params>
            <param index="0">
              <value>
                <![CDATA[chrome]]>
              </value>
            </param>
          </params>
          <reporter-output>
          </reporter-output>
        </test-method> <!-- setup -->
        <test-method signature="stores()[pri:0, instance:com.mindtree.TestCases.TC_GoStores@27f981c6]" started-at="2022-06-05T03:14:24 GMT-07:00" name="stores" finished-at="2022-06-05T03:14:29 GMT-07:00" duration-ms="5048" status="PASS">
          <reporter-output>
          </reporter-output>
        </test-method> <!-- stores -->
        <test-method is-config="true" signature="tearDown()[pri:0, instance:com.mindtree.TestCases.TC_GoStores@27f981c6]" started-at="2022-06-05T03:14:29 GMT-07:00" name="tearDown" finished-at="2022-06-05T03:14:29 GMT-07:00" duration-ms="289" status="PASS">
          <reporter-output>
          </reporter-output>
        </test-method> <!-- tearDown -->
      </class> <!-- com.mindtree.TestCases.TC_GoStores -->
      <class name="com.mindtree.TestCases.TC_SelectForCouples">
        <test-method is-config="true" signature="setup(java.lang.String)[pri:0, instance:com.mindtree.TestCases.TC_SelectForCouples@1151e434]" started-at="2022-06-05T03:14:34 GMT-07:00" name="setup" finished-at="2022-06-05T03:14:37 GMT-07:00" duration-ms="2548" status="PASS">
          <params>
            <param index="0">
              <value>
                <![CDATA[chrome]]>
              </value>
            </param>
          </params>
          <reporter-output>
          </reporter-output>
        </test-method> <!-- setup -->
        <test-method signature="selectforcouples()[pri:0, instance:com.mindtree.TestCases.TC_SelectForCouples@1151e434]" started-at="2022-06-05T03:14:37 GMT-07:00" name="selectforcouples" finished-at="2022-06-05T03:14:50 GMT-07:00" duration-ms="13200" status="PASS">
          <reporter-output>
          </reporter-output>
        </test-method> <!-- selectforcouples -->
        <test-method is-config="true" signature="tearDown()[pri:0, instance:com.mindtree.TestCases.TC_SelectForCouples@1151e434]" started-at="2022-06-05T03:14:50 GMT-07:00" name="tearDown" finished-at="2022-06-05T03:14:50 GMT-07:00" duration-ms="407" status="PASS">
          <reporter-output>
          </reporter-output>
        </test-method> <!-- tearDown -->
      </class> <!-- com.mindtree.TestCases.TC_SelectForCouples -->
    </test> <!-- HomePage Test -->
  </suite> <!-- HybridFramework -->
</testng-results>
