<?xml version="1.0" encoding="UTF-8"?>
<!-- Generated by org.testng.reporters.JUnitXMLReporter -->
<testsuite ignored="0" hostname="mindc1d430" failures="0" tests="10" name="HomePage Test" time="88.655" errors="0" timestamp="2022-06-05T03:15:15 GMT-07:00">
  <testcase classname="com.mindtree.TestCases.TC_HomePage" name="homePage" time="0.022"/>
  <testcase classname="com.mindtree.TestCases.TC_LoginPage" name="loginpage" time="8.357"/>
  <testcase classname="com.mindtree.TestCases.TC_SelectMattresses" name="selectmattresses" time="10.01"/>
  <testcase classname="com.mindtree.TestCases.TC_GiftCard" name="giftCard" time="2.414"/>
  <testcase classname="com.mindtree.TestCases.TC_GoStores" name="stores" time="5.048"/>
  <testcase classname="com.mindtree.TestCases.TC_TVUnits" name="tvUnits" time="2.161"/>
  <testcase classname="com.mindtree.TestCases.TC_SelectForCouples" name="selectforcouples" time="13.2"/>
  <testcase classname="com.mindtree.TestCases.TC_AboutUs" name="aboutUs" time="1.776"/>
  <testcase classname="com.mindtree.TestCases.TC_FeesAndPayment" name="aboutUs" time="1.429"/>
  <testcase classname="com.mindtree.TestCases.TC_ViewCustomerStories" name="viewcusstories" time="13.577"/>
</testsuite> <!-- HomePage Test -->
